-------------------------------------------------------------------------------
Test set: TestSuite
-------------------------------------------------------------------------------
Tests run: 4, Failures: 1, Errors: 0, Skipped: 0, Time elapsed: 45.313 s <<< FAILURE! - in TestSuite
basePageNavigation(Academy.ValidateHomePageTitle)  Time elapsed: 0.072 s  <<< FAILURE!
java.lang.AssertionError: expected [FEATURED COURSES123] but found [FEATURED COURSES]
	at Academy.ValidateHomePageTitle.basePageNavigation(ValidateHomePageTitle.java:62)

