<?xml version="1.0" encoding="UTF-8"?>
<!-- Generated by org.testng.reporters.JUnitXMLReporter -->
<testsuite ignored="0" hostname="DESKTOP" failures="0" tests="1" name="Validating navigation bar" time="0.044" errors="0" timestamp="03 Aug 2020 16:14:40 GMT">
  <testcase classname="Academy.ValidateHomePageNavigationBar" name="@BeforeTest initialize" time="0.008">
    <failure type="java.lang.NullPointerException">
      <![CDATA[java.lang.NullPointerException
at resources.Base.initializeDriver(Base.java:50)
at Academy.ValidateHomePageNavigationBar.initialize(ValidateHomePageNavigationBar.java:31)
... Removed 24 stack frames]]>
    </failure>
  </testcase> <!-- @BeforeTest initialize -->
  <testcase classname="Academy.ValidateHomePageNavigationBar" name="@AfterTest terardown" time="0.0">
    <skipped/>
  </testcase> <!-- @AfterTest terardown -->
  <testcase classname="Academy.ValidateHomePageNavigationBar" name="basePageNavigation" time="0.0">
    <skipped/>
  </testcase> <!-- basePageNavigation -->
</testsuite> <!-- Validating navigation bar -->
