<?xml version="1.0" encoding="UTF-8"?>
<!-- Generated by org.testng.reporters.JUnitXMLReporter -->
<testsuite ignored="0" hostname="DESKTOP" failures="0" tests="4" name="Test" time="41.8" errors="0" timestamp="30 Jul. 2020 22:04:32 GMT">
  <testcase classname="Academy.ValidateHomePageNavigationBar" name="basePageNavigation" time="0.195"/>
  <testcase classname="Academy.ValidateHomePageTitle" name="basePageNavigation" time="0.101"/>
  <testcase classname="Academy.HomePage" name="basePageNavigation" time="4.6"/>
  <testcase classname="Academy.HomePage" name="basePageNavigation" time="3.747"/>
</testsuite> <!-- Test -->
