<?xml version="1.0" encoding="UTF-8"?>
<!-- Generated by org.testng.reporters.JUnitXMLReporter -->
<testsuite ignored="0" hostname="DESKTOP" failures="1" tests="1" name="Validating HomePageTitle" time="17.8" errors="0" timestamp="03 Aug 2020 17:04:02 GMT">
  <testcase classname="Academy.ValidateHomePageTitle" name="basePageNavigation" time="0.066">
    <failure type="java.lang.AssertionError" message="expected [FEATURED COURSES123] but found [FEATURED COURSES]">
      <![CDATA[java.lang.AssertionError: expected [FEATURED COURSES123] but found [FEATURED COURSES]
at Academy.ValidateHomePageTitle.basePageNavigation(ValidateHomePageTitle.java:62)
... Removed 35 stack frames]]>
    </failure>
  </testcase> <!-- basePageNavigation -->
</testsuite> <!-- Validating HomePageTitle -->
